<?xml version="1.0" encoding="UTF-8"?>
<testsuite xmlns:xsi="http://www.w3.org/2001/XMLSchema-instance" xsi:noNamespaceSchemaLocation="https://maven.apache.org/surefire/maven-surefire-plugin/xsd/surefire-test-report-3.0.xsd" version="3.0" name="TestSuite" time="0.302" tests="8" errors="0" skipped="0" failures="0">
  <properties>
    <property name="sun.desktop" value="gnome"/>
    <property name="awt.toolkit" value="sun.awt.X11.XToolkit"/>
    <property name="java.specification.version" value="11"/>
    <property name="sun.cpu.isalist" value=""/>
    <property name="sun.jnu.encoding" value="UTF-8"/>
    <property name="java.class.path" value="/home/mika/IdeaProjects/MeerimErmekbaeva/target/test-classes:/home/mika/IdeaProjects/MeerimErmekbaeva/target/classes:/home/mika/.m2/repository/org/testng/testng/7.4.0/testng-7.4.0.jar:/home/mika/.m2/repository/com/beust/jcommander/1.78/jcommander-1.78.jar:/home/mika/.m2/repository/org/webjars/jquery/3.5.1/jquery-3.5.1.jar:/home/mika/.m2/repository/org/assertj/assertj-core/3.21.0/assertj-core-3.21.0.jar:/home/mika/IdeaProjects/MeerimErmekbaeva/src/main/resources/calculator-1.0.jar:"/>
    <property name="java.vm.vendor" value="Ubuntu"/>
    <property name="sun.arch.data.model" value="64"/>
    <property name="java.vendor.url" value="https://ubuntu.com/"/>
    <property name="user.timezone" value="Europe/Moscow"/>
    <property name="java.vm.specification.version" value="11"/>
    <property name="os.name" value="Linux"/>
    <property name="sun.java.launcher" value="SUN_STANDARD"/>
    <property name="user.country" value="US"/>
    <property name="sun.boot.library.path" value="/usr/lib/jvm/java-11-openjdk-amd64/lib"/>
    <property name="sun.java.command" value="/home/mika/IdeaProjects/MeerimErmekbaeva/target/surefire/surefirebooter4911152932802934910.jar /home/mika/IdeaProjects/MeerimErmekbaeva/target/surefire 2021-10-17T21-51-24_233-jvmRun1 surefire209907433947028492tmp surefire_013574170376667496713tmp"/>
    <property name="jdk.debug" value="release"/>
    <property name="surefire.test.class.path" value="/home/mika/IdeaProjects/MeerimErmekbaeva/target/test-classes:/home/mika/IdeaProjects/MeerimErmekbaeva/target/classes:/home/mika/.m2/repository/org/testng/testng/7.4.0/testng-7.4.0.jar:/home/mika/.m2/repository/com/beust/jcommander/1.78/jcommander-1.78.jar:/home/mika/.m2/repository/org/webjars/jquery/3.5.1/jquery-3.5.1.jar:/home/mika/.m2/repository/org/assertj/assertj-core/3.21.0/assertj-core-3.21.0.jar:/home/mika/IdeaProjects/MeerimErmekbaeva/src/main/resources/calculator-1.0.jar:"/>
    <property name="sun.cpu.endian" value="little"/>
    <property name="user.home" value="/home/mika"/>
    <property name="user.language" value="en"/>
    <property name="java.specification.vendor" value="Oracle Corporation"/>
    <property name="java.version.date" value="2021-04-20"/>
    <property name="java.home" value="/usr/lib/jvm/java-11-openjdk-amd64"/>
    <property name="file.separator" value="/"/>
    <property name="basedir" value="/home/mika/IdeaProjects/MeerimErmekbaeva"/>
    <property name="java.vm.compressedOopsMode" value="Zero based"/>
    <property name="line.separator" value="&#10;"/>
    <property name="java.specification.name" value="Java Platform API Specification"/>
    <property name="java.vm.specification.vendor" value="Oracle Corporation"/>
    <property name="java.awt.graphicsenv" value="sun.awt.X11GraphicsEnvironment"/>
    <property name="surefire.real.class.path" value="/home/mika/IdeaProjects/MeerimErmekbaeva/target/surefire/surefirebooter4911152932802934910.jar"/>
    <property name="sun.management.compiler" value="HotSpot 64-Bit Tiered Compilers"/>
    <property name="java.runtime.version" value="11.0.11+9-Ubuntu-0ubuntu2.20.04"/>
    <property name="user.name" value="mika"/>
    <property name="path.separator" value=":"/>
    <property name="os.version" value="5.11.0-37-generic"/>
    <property name="java.runtime.name" value="OpenJDK Runtime Environment"/>
    <property name="file.encoding" value="UTF-8"/>
    <property name="java.vm.name" value="OpenJDK 64-Bit Server VM"/>
    <property name="localRepository" value="/home/mika/.m2/repository"/>
    <property name="java.vendor.url.bug" value="https://bugs.launchpad.net/ubuntu/+source/openjdk-lts"/>
    <property name="java.io.tmpdir" value="/tmp"/>
    <property name="java.version" value="11.0.11"/>
    <property name="user.dir" value="/home/mika/IdeaProjects/MeerimErmekbaeva"/>
    <property name="os.arch" value="amd64"/>
    <property name="java.vm.specification.name" value="Java Virtual Machine Specification"/>
    <property name="java.awt.printerjob" value="sun.print.PSPrinterJob"/>
    <property name="sun.os.patch.level" value="unknown"/>
    <property name="java.library.path" value="/usr/java/packages/lib:/usr/lib/x86_64-linux-gnu/jni:/lib/x86_64-linux-gnu:/usr/lib/x86_64-linux-gnu:/usr/lib/jni:/lib:/usr/lib"/>
    <property name="java.vm.info" value="mixed mode, sharing"/>
    <property name="java.vendor" value="Ubuntu"/>
    <property name="java.vm.version" value="11.0.11+9-Ubuntu-0ubuntu2.20.04"/>
    <property name="sun.io.unicode.encoding" value="UnicodeLittle"/>
    <property name="java.class.version" value="55.0"/>
  </properties>
  <testcase name="sumTest[23, 2, 25](1)" classname="com.epam.tc.hw1.SumCalculatorTest" time="0.03"/>
  <testcase name="sumTest[89, 10, 99](2)" classname="com.epam.tc.hw1.SumCalculatorTest" time="0"/>
  <testcase name="sumTest[12, 90, 102](3)" classname="com.epam.tc.hw1.SumCalculatorTest" time="0"/>
  <testcase name="sumTest[12, 67, 79](4)" classname="com.epam.tc.hw1.SumCalculatorTest" time="0"/>
  <testcase name="subtractTest[5, 2, 3](1)" classname="com.epam.tc.hw1.SubtractCalculatorTest" time="0"/>
  <testcase name="subtractTest[11, 10, 1](2)" classname="com.epam.tc.hw1.SubtractCalculatorTest" time="0"/>
  <testcase name="subtractTest[27, 9, 18](3)" classname="com.epam.tc.hw1.SubtractCalculatorTest" time="0"/>
  <testcase name="subtractTest[53, 15, 38](4)" classname="com.epam.tc.hw1.SubtractCalculatorTest" time="0"/>
</testsuite>