<?xml version="1.0" encoding="UTF-8"?>
<!-- Generated by org.testng.reporters.JUnitReportReporter -->
<testsuite hostname="mika-ThinkPad-X1-Extreme-2nd" failures="0" tests="4" name="com.epam.tc.hw1.SumCalculatorTest" time="0.030" errors="0" timestamp="2021-10-17T21:51:24 MSK" skipped="0">
  <testcase classname="com.epam.tc.hw1.SumCalculatorTest" name="sumTest" time="0.029"/>
  <system-out/>
  <testcase classname="com.epam.tc.hw1.SumCalculatorTest" name="sumTest" time="0.001"/>
  <system-out/>
  <testcase classname="com.epam.tc.hw1.SumCalculatorTest" name="sumTest" time="0.000"/>
  <system-out/>
  <testcase classname="com.epam.tc.hw1.SumCalculatorTest" name="sumTest" time="0.000"/>
  <system-out/>
</testsuite> <!-- com.epam.tc.hw1.SumCalculatorTest -->
